# JRE version: Java(TM) SE Runtime Environment (8.0_121-b13) (build 1.8.0_121-b13)
# Java VM: Java HotSpot(TM) 64-Bit Server VM (25.121-b13 mixed mode windows-amd64 compressed oops)
Heap:
 PSYoungGen      total 136192K, used 98872K [0x00000000d6100000, 0x00000000e4000000, 0x0000000100000000)
  eden space 131072K, 71% used [0x00000000d6100000,0x00000000dbc92430,0x00000000de100000)
  from space 5120K, 99% used [0x00000000de100000,0x00000000de5fbeb0,0x00000000de600000)
  to   space 15360K, 51% used [0x00000000e3100000,0x00000000e38afec0,0x00000000e4000000)
 ParOldGen       total 60928K, used 18804K [0x0000000082200000, 0x0000000085d80000, 0x00000000d6100000)
  object space 60928K, 30% used [0x0000000082200000,0x000000008345d038,0x0000000085d80000)
 Metaspace       used 34441K, capacity 35468K, committed 35496K, reserved 1079296K
  class space    used 4533K, capacity 4758K, committed 4776K, reserved 1048576K
GC Heap History (10 events):
Event: 0.689 GC heap after
Heap after GC invocations=2 (full 0):
 PSYoungGen      total 70656K, used 4600K [0x00000000d6100000, 0x00000000dab00000, 0x0000000100000000)
  eden space 65536K, 0% used [0x00000000d6100000,0x00000000d6100000,0x00000000da100000)
  from space 5120K, 89% used [0x00000000da600000,0x00000000daa7e3f8,0x00000000dab00000)
  to   space 5120K, 0% used [0x00000000da100000,0x00000000da100000,0x00000000da600000)
 ParOldGen       total 86016K, used 16K [0x0000000082200000, 0x0000000087600000, 0x00000000d6100000)
  object space 86016K, 0% used [0x0000000082200000,0x0000000082204000,0x0000000087600000)
 Metaspace       used 11085K, capacity 11386K, committed 11648K, reserved 1058816K
  class space    used 1325K, capacity 1397K, committed 1408K, reserved 1048576K
}
Event: 1.078 GC heap before
{Heap before GC invocations=3 (full 0):
 PSYoungGen      total 70656K, used 70136K [0x00000000d6100000, 0x00000000dab00000, 0x0000000100000000)
  eden space 65536K, 100% used [0x00000000d6100000,0x00000000da100000,0x00000000da100000)
  from space 5120K, 89% used [0x00000000da600000,0x00000000daa7e3f8,0x00000000dab00000)
  to   space 5120K, 0% used [0x00000000da100000,0x00000000da100000,0x00000000da600000)
 ParOldGen       total 86016K, used 16K [0x0000000082200000, 0x0000000087600000, 0x00000000d6100000)
  object space 86016K, 0% used [0x0000000082200000,0x0000000082204000,0x0000000087600000)
 Metaspace       used 16201K, capacity 16718K, committed 16896K, reserved 1064960K
  class space    used 2121K, capacity 2263K, committed 2304K, reserved 1048576K
Event: 1.084 GC heap after
Heap after GC invocations=3 (full 0):
 PSYoungGen      total 70656K, used 5106K [0x00000000d6100000, 0x00000000deb00000, 0x0000000100000000)
  eden space 65536K, 0% used [0x00000000d6100000,0x00000000d6100000,0x00000000da100000)
  from space 5120K, 99% used [0x00000000da100000,0x00000000da5fcaf8,0x00000000da600000)
  to   space 5120K, 0% used [0x00000000de600000,0x00000000de600000,0x00000000deb00000)
 ParOldGen       total 86016K, used 2396K [0x0000000082200000, 0x0000000087600000, 0x00000000d6100000)
  object space 86016K, 2% used [0x0000000082200000,0x0000000082457338,0x0000000087600000)
 Metaspace       used 16201K, capacity 16718K, committed 16896K, reserved 1064960K
  class space    used 2121K, capacity 2263K, committed 2304K, reserved 1048576K
}
Event: 1.236 GC heap before
{Heap before GC invocations=4 (full 0):
 PSYoungGen      total 70656K, used 66358K [0x00000000d6100000, 0x00000000deb00000, 0x0000000100000000)
  eden space 65536K, 93% used [0x00000000d6100000,0x00000000d9cd0d30,0x00000000da100000)
  from space 5120K, 99% used [0x00000000da100000,0x00000000da5fcaf8,0x00000000da600000)
  to   space 5120K, 0% used [0x00000000de600000,0x00000000de600000,0x00000000deb00000)
 ParOldGen       total 86016K, used 2396K [0x0000000082200000, 0x0000000087600000, 0x00000000d6100000)
  object space 86016K, 2% used [0x0000000082200000,0x0000000082457338,0x0000000087600000)
 Metaspace       used 20617K, capacity 21180K, committed 21296K, reserved 1067008K
  class space    used 2736K, capacity 2880K, committed 2944K, reserved 1048576K
Event: 1.242 GC heap after
Heap after GC invocations=4 (full 0):
 PSYoungGen      total 136192K, used 5105K [0x00000000d6100000, 0x00000000deb00000, 0x0000000100000000)
  eden space 131072K, 0% used [0x00000000d6100000,0x00000000d6100000,0x00000000de100000)
  from space 5120K, 99% used [0x00000000de600000,0x00000000deafc760,0x00000000deb00000)
  to   space 5120K, 0% used [0x00000000de100000,0x00000000de100000,0x00000000de600000)
 ParOldGen       total 86016K, used 6059K [0x0000000082200000, 0x0000000087600000, 0x00000000d6100000)
  object space 86016K, 7% used [0x0000000082200000,0x00000000827ead50,0x0000000087600000)
 Metaspace       used 20617K, capacity 21180K, committed 21296K, reserved 1067008K
  class space    used 2736K, capacity 2880K, committed 2944K, reserved 1048576K
}
Event: 1.242 GC heap before
{Heap before GC invocations=5 (full 1):
 PSYoungGen      total 136192K, used 5105K [0x00000000d6100000, 0x00000000deb00000, 0x0000000100000000)
  eden space 131072K, 0% used [0x00000000d6100000,0x00000000d6100000,0x00000000de100000)
  from space 5120K, 99% used [0x00000000de600000,0x00000000deafc760,0x00000000deb00000)
  to   space 5120K, 0% used [0x00000000de100000,0x00000000de100000,0x00000000de600000)
 ParOldGen       total 86016K, used 6059K [0x0000000082200000, 0x0000000087600000, 0x00000000d6100000)
  object space 86016K, 7% used [0x0000000082200000,0x00000000827ead50,0x0000000087600000)
 Metaspace       used 20617K, capacity 21180K, committed 21296K, reserved 1067008K
  class space    used 2736K, capacity 2880K, committed 2944K, reserved 1048576K
Event: 1.264 GC heap after
Heap after GC invocations=5 (full 1):
 PSYoungGen      total 136192K, used 0K [0x00000000d6100000, 0x00000000deb00000, 0x0000000100000000)
  eden space 131072K, 0% used [0x00000000d6100000,0x00000000d6100000,0x00000000de100000)
  from space 5120K, 0% used [0x00000000de600000,0x00000000de600000,0x00000000deb00000)
  to   space 5120K, 0% used [0x00000000de100000,0x00000000de100000,0x00000000de600000)
 ParOldGen       total 60928K, used 8537K [0x0000000082200000, 0x0000000085d80000, 0x00000000d6100000)
  object space 60928K, 14% used [0x0000000082200000,0x0000000082a567f0,0x0000000085d80000)
 Metaspace       used 20617K, capacity 21180K, committed 21296K, reserved 1067008K
  class space    used 2736K, capacity 2880K, committed 2944K, reserved 1048576K
}
Event: 3.110 GC heap before
{Heap before GC invocations=6 (full 1):
 PSYoungGen      total 136192K, used 131072K [0x00000000d6100000, 0x00000000deb00000, 0x0000000100000000)
  eden space 131072K, 100% used [0x00000000d6100000,0x00000000de100000,0x00000000de100000)
  from space 5120K, 0% used [0x00000000de600000,0x00000000de600000,0x00000000deb00000)
  to   space 5120K, 0% used [0x00000000de100000,0x00000000de100000,0x00000000de600000)
 ParOldGen       total 60928K, used 8537K [0x0000000082200000, 0x0000000085d80000, 0x00000000d6100000)
  object space 60928K, 14% used [0x0000000082200000,0x0000000082a567f0,0x0000000085d80000)
 Metaspace       used 31115K, capacity 31996K, committed 32256K, reserved 1077248K
  class space    used 4079K, capacity 4280K, committed 4352K, reserved 1048576K
Event: 3.124 GC heap after
Heap after GC invocations=6 (full 1):
 PSYoungGen      total 136192K, used 5103K [0x00000000d6100000, 0x00000000e4000000, 0x0000000100000000)
  eden space 131072K, 0% used [0x00000000d6100000,0x00000000d6100000,0x00000000de100000)
  from space 5120K, 99% used [0x00000000de100000,0x00000000de5fbeb0,0x00000000de600000)
  to   space 15360K, 0% used [0x00000000e3100000,0x00000000e3100000,0x00000000e4000000)
 ParOldGen       total 60928K, used 18796K [0x0000000082200000, 0x0000000085d80000, 0x00000000d6100000)
  object space 60928K, 30% used [0x0000000082200000,0x000000008345b038,0x0000000085d80000)
 Metaspace       used 31115K, capacity 31996K, committed 32256K, reserved 1077248K
  class space    used 4079K, capacity 4280K, committed 4352K, reserved 1048576K
}
Event: 3.659 GC heap before
{Heap before GC invocations=7 (full 1):
 PSYoungGen      total 136192K, used 98872K [0x00000000d6100000, 0x00000000e4000000, 0x0000000100000000)
  eden space 131072K, 71% used [0x00000000d6100000,0x00000000dbc92430,0x00000000de100000)
  from space 5120K, 99% used [0x00000000de100000,0x00000000de5fbeb0,0x00000000de600000)
  to   space 15360K, 0% used [0x00000000e3100000,0x00000000e3100000,0x00000000e4000000)
 ParOldGen       total 60928K, used 18796K [0x0000000082200000, 0x0000000085d80000, 0x00000000d6100000)
  object space 60928K, 30% used [0x0000000082200000,0x000000008345b038,0x0000000085d80000)
 Metaspace       used 34441K, capacity 35468K, committed 35496K, reserved 1079296K
  class space    used 4533K, capacity 4758K, committed 4776K, reserved 1048576K

